<?xml version="1.0" encoding="UTF-8"?>
<!-- Generated by org.testng.reporters.JUnitReportReporter -->
<testsuite hostname="DESKTOP-OOQID91" failures="0" tests="1" name="SeleniumAssignment.Assignment1_CaseStudy1.AppTest" time="41.524" errors="0" timestamp="2024-03-21T09:47:16 IST" skipped="0">
  <testcase classname="SeleniumAssignment.Assignment1_CaseStudy1.AppTest" name="testCase" time="41.524"/>
</testsuite> <!-- SeleniumAssignment.Assignment1_CaseStudy1.AppTest -->
