<?xml version="1.0" encoding="UTF-8"?>
<!-- Generated by org.testng.reporters.JUnitReportReporter -->
<testsuite hostname="DESKTOP-OOQID91" failures="0" tests="1" name="SeleniumAssignment.Assignment1_CaseStudy1.AppTest" time="35.958" errors="0" timestamp="2024-03-28T16:53:44 IST" skipped="0">
  <testcase classname="SeleniumAssignment.Assignment1_CaseStudy1.AppTest" name="testCase" time="35.958"/>
</testsuite> <!-- SeleniumAssignment.Assignment1_CaseStudy1.AppTest -->
